#
# There is insufficient memory for the Java Runtime Environment to continue.
# Native memory allocation (malloc) failed to allocate 432976 bytes for Chunk::new
# Possible reasons:
#   The system is out of physical RAM or swap space
#   The process is running with CompressedOops enabled, and the Java Heap may be blocking the growth of the native heap
# Possible solutions:
#   Reduce memory load on the system
#   Increase physical memory or swap space
#   Check if swap backing store is full
#   Decrease Java heap size (-Xmx/-Xms)
#   Decrease number of Java threads
#   Decrease Java thread stack sizes (-Xss)
#   Set larger code cache with -XX:ReservedCodeCacheSize=
#   JVM is running with Unscaled Compressed Oops mode in which the Java heap is
#     placed in the first 4GB address space. The Java Heap base address is the
#     maximum limit for the native heap growth. Please use -XX:HeapBaseMinAddress
#     to set the Java Heap base and to place the Java Heap above 4GB virtual address.
# This output file may be truncated or incomplete.
#
#  Out of Memory Error (arena.cpp:168), pid=18744, tid=21108
#
# JRE version: OpenJDK Runtime Environment Zulu21.32+17-CA (21.0.2+13) (build 21.0.2+13-LTS)
# Java VM: OpenJDK 64-Bit Server VM Zulu21.32+17-CA (21.0.2+13-LTS, mixed mode, sharing, tiered, compressed oops, compressed class ptrs, g1 gc, windows-amd64)
# No core dump will be written. Minidumps are not enabled by default on client versions of Windows
#

---------------  S U M M A R Y ------------

Command Line: -Dant.home=C:\Program Files\NetBeans-20\netbeans\extide\ant\bin\.. org.apache.tools.ant.launch.Launcher -f E:\java\javaFX_project\CMS\build.xml -Dant.rerun 1 jfx-project-rebuild

Host: Intel(R) Core(TM) i5-10300H CPU @ 2.50GHz, 8 cores, 7G,  Windows 11 , 64 bit Build 22621 (10.0.22621.3672)
Time: Sat Jul  6 15:00:35 2024 Bangladesh Standard Time elapsed time: 0.587242 seconds (0d 0h 0m 0s)

---------------  T H R E A D  ---------------

Current thread (0x0000014f7d1e9ff0):  JavaThread "C2 CompilerThread0" daemon [_thread_in_native, id=21108, stack(0x00000032c6400000,0x00000032c6500000) (1024K)]


Current CompileTask:
C2:    587 1248       4       com.sun.org.apache.xerces.internal.impl.XMLEntityScanner::scanQName (580 bytes)

Stack: [0x00000032c6400000,0x00000032c6500000]
Native frames: (J=compiled Java code, j=interpreted, Vv=VM code, C=native code)
V  [jvm.dll+0x6d47c9]
V  [jvm.dll+0x8afd41]
V  [jvm.dll+0x8b20ae]
V  [jvm.dll+0x8b2793]
V  [jvm.dll+0x287836]
V  [jvm.dll+0xc5add]
V  [jvm.dll+0xc6013]
V  [jvm.dll+0x3bd51c]
V  [jvm.dll+0x389975]
V  [jvm.dll+0x388dea]
V  [jvm.dll+0x24c550]
V  [jvm.dll+0x24bb31]
V  [jvm.dll+0x1cb824]
V  [jvm.dll+0x25b329]
V  [jvm.dll+0x2598da]
V  [jvm.dll+0x3f7036]
V  [jvm.dll+0x858528]
V  [jvm.dll+0x6d2f1d]
C  [ucrtbase.dll+0x29333]
C  [KERNEL32.DLL+0x1257d]
C  [ntdll.dll+0x5af28]


---------------  P R O C E S S  ---------------

Threads class SMR info:
_java_thread_list=0x0000014f7d442b30, length=11, elements={
0x0000014f5d26e2a0, 0x0000014f7d1ce550, 0x0000014f7d1cf470, 0x0000014f7d1d2f80,
0x0000014f7d1d5d70, 0x0000014f7d1d6d10, 0x0000014f7d1e37e0, 0x0000014f7d1e9ff0,
0x0000014f7d1eaa90, 0x0000014f7d1e1710, 0x0000014f7d1e1da0
}

Java Threads: ( => current thread )
  0x0000014f5d26e2a0 JavaThread "main"                              [_thread_in_Java, id=14088, stack(0x00000032c5600000,0x00000032c5700000) (1024K)]
  0x0000014f7d1ce550 JavaThread "Reference Handler"          daemon [_thread_blocked, id=16852, stack(0x00000032c5e00000,0x00000032c5f00000) (1024K)]
  0x0000014f7d1cf470 JavaThread "Finalizer"                  daemon [_thread_blocked, id=7584, stack(0x00000032c5f00000,0x00000032c6000000) (1024K)]
  0x0000014f7d1d2f80 JavaThread "Signal Dispatcher"          daemon [_thread_blocked, id=19940, stack(0x00000032c6000000,0x00000032c6100000) (1024K)]
  0x0000014f7d1d5d70 JavaThread "Attach Listener"            daemon [_thread_blocked, id=24060, stack(0x00000032c6100000,0x00000032c6200000) (1024K)]
  0x0000014f7d1d6d10 JavaThread "Service Thread"             daemon [_thread_blocked, id=23492, stack(0x00000032c6200000,0x00000032c6300000) (1024K)]
  0x0000014f7d1e37e0 JavaThread "Monitor Deflation Thread"   daemon [_thread_blocked, id=16136, stack(0x00000032c6300000,0x00000032c6400000) (1024K)]
=>0x0000014f7d1e9ff0 JavaThread "C2 CompilerThread0"         daemon [_thread_in_native, id=21108, stack(0x00000032c6400000,0x00000032c6500000) (1024K)]
  0x0000014f7d1eaa90 JavaThread "C1 CompilerThread0"         daemon [_thread_in_native, id=25420, stack(0x00000032c6500000,0x00000032c6600000) (1024K)]
  0x0000014f7d1e1710 JavaThread "Notification Thread"        daemon [_thread_blocked, id=27588, stack(0x00000032c6600000,0x00000032c6700000) (1024K)]
  0x0000014f7d1e1da0 JavaThread "Common-Cleaner"             daemon [_thread_blocked, id=5948, stack(0x00000032c6700000,0x00000032c6800000) (1024K)]
Total: 11

Other Threads:
  0x0000014f7d1b1f00 VMThread "VM Thread"                           [id=26564, stack(0x00000032c5d00000,0x00000032c5e00000) (1024K)]
  0x0000014f7d1971a0 WatcherThread "VM Periodic Task Thread"        [id=18832, stack(0x00000032c5c00000,0x00000032c5d00000) (1024K)]
  0x0000014f5f541300 WorkerThread "GC Thread#0"                     [id=25036, stack(0x00000032c5700000,0x00000032c5800000) (1024K)]
  0x0000014f5f552510 ConcurrentGCThread "G1 Main Marker"            [id=5560, stack(0x00000032c5800000,0x00000032c5900000) (1024K)]
  0x0000014f5f5530e0 WorkerThread "G1 Conc#0"                       [id=12124, stack(0x00000032c5900000,0x00000032c5a00000) (1024K)]
  0x0000014f5f5ae570 ConcurrentGCThread "G1 Refine#0"               [id=27412, stack(0x00000032c5a00000,0x00000032c5b00000) (1024K)]
  0x0000014f7d06d290 ConcurrentGCThread "G1 Service"                [id=20340, stack(0x00000032c5b00000,0x00000032c5c00000) (1024K)]
Total: 7

Threads with active compile tasks:
C2 CompilerThread0      620 1248       4       com.sun.org.apache.xerces.internal.impl.XMLEntityScanner::scanQName (580 bytes)
C1 CompilerThread0      620 1287   !   3       org.apache.tools.ant.helper.ProjectHelper2$TargetHandler::onStartElement (1282 bytes)
Total: 2

VM state: not at safepoint (normal execution)

VM Mutex/Monitor currently owned by a thread: None

Heap address: 0x0000000082800000, size: 2008 MB, Compressed Oops mode: 32-bit

CDS archive(s) mapped at: [0x0000014f00000000-0x0000014f00cf0000-0x0000014f00cf0000), size 13565952, SharedBaseAddress: 0x0000014f00000000, ArchiveRelocationMode: 1.
Compressed class space mapped at: 0x0000014f01000000-0x0000014f41000000, reserved size: 1073741824
Narrow klass base: 0x0000014f00000000, Narrow klass shift: 0, Narrow klass range: 0x100000000

GC Precious Log:
 CardTable entry size: 512
 Card Set container configuration: InlinePtr #cards 5 size 8 Array Of Cards #cards 12 size 40 Howl #buckets 4 coarsen threshold 1843 Howl Bitmap #cards 512 size 80 coarsen threshold 460 Card regions per heap region 1 cards per card region 2048
 CPUs: 8 total, 8 available
 Memory: 8029M
 Large Page Support: Disabled
 NUMA Support: Disabled
 Compressed Oops: Enabled (32-bit)
 Heap Region Size: 1M
 Heap Min Capacity: 8M
 Heap Initial Capacity: 126M
 Heap Max Capacity: 2008M
 Pre-touch: Disabled
 Parallel Workers: 8
 Concurrent Workers: 2
 Concurrent Refinement Workers: 8
 Periodic GC: Disabled

Heap:
 garbage-first heap   total 129024K, used 15360K [0x0000000082800000, 0x0000000100000000)
  region size 1024K, 16 young (16384K), 0 survivors (0K)
 Metaspace       used 4578K, committed 4672K, reserved 1114112K
  class space    used 419K, committed 448K, reserved 1048576K

Heap Regions: E=young(eden), S=young(survivor), O=old, HS=humongous(starts), HC=humongous(continues), CS=collection set, F=free, TAMS=top-at-mark-start, PB=parsable bottom
|   0|0x0000000082800000, 0x0000000082800000, 0x0000000082900000|  0%| F|  |TAMS 0x0000000082800000| PB 0x0000000082800000| Untracked 
|   1|0x0000000082900000, 0x0000000082900000, 0x0000000082a00000|  0%| F|  |TAMS 0x0000000082900000| PB 0x0000000082900000| Untracked 
|   2|0x0000000082a00000, 0x0000000082a00000, 0x0000000082b00000|  0%| F|  |TAMS 0x0000000082a00000| PB 0x0000000082a00000| Untracked 
|   3|0x0000000082b00000, 0x0000000082b00000, 0x0000000082c00000|  0%| F|  |TAMS 0x0000000082b00000| PB 0x0000000082b00000| Untracked 
|   4|0x0000000082c00000, 0x0000000082c00000, 0x0000000082d00000|  0%| F|  |TAMS 0x0000000082c00000| PB 0x0000000082c00000| Untracked 
|   5|0x0000000082d00000, 0x0000000082d00000, 0x0000000082e00000|  0%| F|  |TAMS 0x0000000082d00000| PB 0x0000000082d00000| Untracked 
|   6|0x0000000082e00000, 0x0000000082e00000, 0x0000000082f00000|  0%| F|  |TAMS 0x0000000082e00000| PB 0x0000000082e00000| Untracked 
|   7|0x0000000082f00000, 0x0000000082f00000, 0x0000000083000000|  0%| F|  |TAMS 0x0000000082f00000| PB 0x0000000082f00000| Untracked 
|   8|0x0000000083000000, 0x0000000083000000, 0x0000000083100000|  0%| F|  |TAMS 0x0000000083000000| PB 0x0000000083000000| Untracked 
|   9|0x0000000083100000, 0x0000000083100000, 0x0000000083200000|  0%| F|  |TAMS 0x0000000083100000| PB 0x0000000083100000| Untracked 
|  10|0x0000000083200000, 0x0000000083200000, 0x0000000083300000|  0%| F|  |TAMS 0x0000000083200000| PB 0x0000000083200000| Untracked 
|  11|0x0000000083300000, 0x0000000083300000, 0x0000000083400000|  0%| F|  |TAMS 0x0000000083300000| PB 0x0000000083300000| Untracked 
|  12|0x0000000083400000, 0x0000000083400000, 0x0000000083500000|  0%| F|  |TAMS 0x0000000083400000| PB 0x0000000083400000| Untracked 
|  13|0x0000000083500000, 0x0000000083500000, 0x0000000083600000|  0%| F|  |TAMS 0x0000000083500000| PB 0x0000000083500000| Untracked 
|  14|0x0000000083600000, 0x0000000083600000, 0x0000000083700000|  0%| F|  |TAMS 0x0000000083600000| PB 0x0000000083600000| Untracked 
|  15|0x0000000083700000, 0x0000000083700000, 0x0000000083800000|  0%| F|  |TAMS 0x0000000083700000| PB 0x0000000083700000| Untracked 
|  16|0x0000000083800000, 0x0000000083800000, 0x0000000083900000|  0%| F|  |TAMS 0x0000000083800000| PB 0x0000000083800000| Untracked 
|  17|0x0000000083900000, 0x0000000083900000, 0x0000000083a00000|  0%| F|  |TAMS 0x0000000083900000| PB 0x0000000083900000| Untracked 
|  18|0x0000000083a00000, 0x0000000083a00000, 0x0000000083b00000|  0%| F|  |TAMS 0x0000000083a00000| PB 0x0000000083a00000| Untracked 
|  19|0x0000000083b00000, 0x0000000083b00000, 0x0000000083c00000|  0%| F|  |TAMS 0x0000000083b00000| PB 0x0000000083b00000| Untracked 
|  20|0x0000000083c00000, 0x0000000083c00000, 0x0000000083d00000|  0%| F|  |TAMS 0x0000000083c00000| PB 0x0000000083c00000| Untracked 
|  21|0x0000000083d00000, 0x0000000083d00000, 0x0000000083e00000|  0%| F|  |TAMS 0x0000000083d00000| PB 0x0000000083d00000| Untracked 
|  22|0x0000000083e00000, 0x0000000083e00000, 0x0000000083f00000|  0%| F|  |TAMS 0x0000000083e00000| PB 0x0000000083e00000| Untracked 
|  23|0x0000000083f00000, 0x0000000083f00000, 0x0000000084000000|  0%| F|  |TAMS 0x0000000083f00000| PB 0x0000000083f00000| Untracked 
|  24|0x0000000084000000, 0x0000000084000000, 0x0000000084100000|  0%| F|  |TAMS 0x0000000084000000| PB 0x0000000084000000| Untracked 
|  25|0x0000000084100000, 0x0000000084100000, 0x0000000084200000|  0%| F|  |TAMS 0x0000000084100000| PB 0x0000000084100000| Untracked 
|  26|0x0000000084200000, 0x0000000084200000, 0x0000000084300000|  0%| F|  |TAMS 0x0000000084200000| PB 0x0000000084200000| Untracked 
|  27|0x0000000084300000, 0x0000000084300000, 0x0000000084400000|  0%| F|  |TAMS 0x0000000084300000| PB 0x0000000084300000| Untracked 
|  28|0x0000000084400000, 0x0000000084400000, 0x0000000084500000|  0%| F|  |TAMS 0x0000000084400000| PB 0x0000000084400000| Untracked 
|  29|0x0000000084500000, 0x0000000084500000, 0x0000000084600000|  0%| F|  |TAMS 0x0000000084500000| PB 0x0000000084500000| Untracked 
|  30|0x0000000084600000, 0x0000000084600000, 0x0000000084700000|  0%| F|  |TAMS 0x0000000084600000| PB 0x0000000084600000| Untracked 
|  31|0x0000000084700000, 0x0000000084700000, 0x0000000084800000|  0%| F|  |TAMS 0x0000000084700000| PB 0x0000000084700000| Untracked 
|  32|0x0000000084800000, 0x0000000084800000, 0x0000000084900000|  0%| F|  |TAMS 0x0000000084800000| PB 0x0000000084800000| Untracked 
|  33|0x0000000084900000, 0x0000000084900000, 0x0000000084a00000|  0%| F|  |TAMS 0x0000000084900000| PB 0x0000000084900000| Untracked 
|  34|0x0000000084a00000, 0x0000000084a00000, 0x0000000084b00000|  0%| F|  |TAMS 0x0000000084a00000| PB 0x0000000084a00000| Untracked 
|  35|0x0000000084b00000, 0x0000000084b00000, 0x0000000084c00000|  0%| F|  |TAMS 0x0000000084b00000| PB 0x0000000084b00000| Untracked 
|  36|0x0000000084c00000, 0x0000000084c00000, 0x0000000084d00000|  0%| F|  |TAMS 0x0000000084c00000| PB 0x0000000084c00000| Untracked 
|  37|0x0000000084d00000, 0x0000000084d00000, 0x0000000084e00000|  0%| F|  |TAMS 0x0000000084d00000| PB 0x0000000084d00000| Untracked 
|  38|0x0000000084e00000, 0x0000000084e00000, 0x0000000084f00000|  0%| F|  |TAMS 0x0000000084e00000| PB 0x0000000084e00000| Untracked 
|  39|0x0000000084f00000, 0x0000000084f00000, 0x0000000085000000|  0%| F|  |TAMS 0x0000000084f00000| PB 0x0000000084f00000| Untracked 
|  40|0x0000000085000000, 0x0000000085000000, 0x0000000085100000|  0%| F|  |TAMS 0x0000000085000000| PB 0x0000000085000000| Untracked 
|  41|0x0000000085100000, 0x0000000085100000, 0x0000000085200000|  0%| F|  |TAMS 0x0000000085100000| PB 0x0000000085100000| Untracked 
|  42|0x0000000085200000, 0x0000000085200000, 0x0000000085300000|  0%| F|  |TAMS 0x0000000085200000| PB 0x0000000085200000| Untracked 
|  43|0x0000000085300000, 0x0000000085300000, 0x0000000085400000|  0%| F|  |TAMS 0x0000000085300000| PB 0x0000000085300000| Untracked 
|  44|0x0000000085400000, 0x0000000085400000, 0x0000000085500000|  0%| F|  |TAMS 0x0000000085400000| PB 0x0000000085400000| Untracked 
|  45|0x0000000085500000, 0x0000000085500000, 0x0000000085600000|  0%| F|  |TAMS 0x0000000085500000| PB 0x0000000085500000| Untracked 
|  46|0x0000000085600000, 0x0000000085600000, 0x0000000085700000|  0%| F|  |TAMS 0x0000000085600000| PB 0x0000000085600000| Untracked 
|  47|0x0000000085700000, 0x0000000085700000, 0x0000000085800000|  0%| F|  |TAMS 0x0000000085700000| PB 0x0000000085700000| Untracked 
|  48|0x0000000085800000, 0x0000000085800000, 0x0000000085900000|  0%| F|  |TAMS 0x0000000085800000| PB 0x0000000085800000| Untracked 
|  49|0x0000000085900000, 0x0000000085900000, 0x0000000085a00000|  0%| F|  |TAMS 0x0000000085900000| PB 0x0000000085900000| Untracked 
|  50|0x0000000085a00000, 0x0000000085a00000, 0x0000000085b00000|  0%| F|  |TAMS 0x0000000085a00000| PB 0x0000000085a00000| Untracked 
|  51|0x0000000085b00000, 0x0000000085b00000, 0x0000000085c00000|  0%| F|  |TAMS 0x0000000085b00000| PB 0x0000000085b00000| Untracked 
|  52|0x0000000085c00000, 0x0000000085c00000, 0x0000000085d00000|  0%| F|  |TAMS 0x0000000085c00000| PB 0x0000000085c00000| Untracked 
|  53|0x0000000085d00000, 0x0000000085d00000, 0x0000000085e00000|  0%| F|  |TAMS 0x0000000085d00000| PB 0x0000000085d00000| Untracked 
|  54|0x0000000085e00000, 0x0000000085e00000, 0x0000000085f00000|  0%| F|  |TAMS 0x0000000085e00000| PB 0x0000000085e00000| Untracked 
|  55|0x0000000085f00000, 0x0000000085f00000, 0x0000000086000000|  0%| F|  |TAMS 0x0000000085f00000| PB 0x0000000085f00000| Untracked 
|  56|0x0000000086000000, 0x0000000086000000, 0x0000000086100000|  0%| F|  |TAMS 0x0000000086000000| PB 0x0000000086000000| Untracked 
|  57|0x0000000086100000, 0x0000000086100000, 0x0000000086200000|  0%| F|  |TAMS 0x0000000086100000| PB 0x0000000086100000| Untracked 
|  58|0x0000000086200000, 0x0000000086200000, 0x0000000086300000|  0%| F|  |TAMS 0x0000000086200000| PB 0x0000000086200000| Untracked 
|  59|0x0000000086300000, 0x0000000086300000, 0x0000000086400000|  0%| F|  |TAMS 0x0000000086300000| PB 0x0000000086300000| Untracked 
|  60|0x0000000086400000, 0x0000000086400000, 0x0000000086500000|  0%| F|  |TAMS 0x0000000086400000| PB 0x0000000086400000| Untracked 
|  61|0x0000000086500000, 0x0000000086500000, 0x0000000086600000|  0%| F|  |TAMS 0x0000000086500000| PB 0x0000000086500000| Untracked 
|  62|0x0000000086600000, 0x0000000086600000, 0x0000000086700000|  0%| F|  |TAMS 0x0000000086600000| PB 0x0000000086600000| Untracked 
|  63|0x0000000086700000, 0x0000000086700000, 0x0000000086800000|  0%| F|  |TAMS 0x0000000086700000| PB 0x0000000086700000| Untracked 
|  64|0x0000000086800000, 0x0000000086800000, 0x0000000086900000|  0%| F|  |TAMS 0x0000000086800000| PB 0x0000000086800000| Untracked 
|  65|0x0000000086900000, 0x0000000086900000, 0x0000000086a00000|  0%| F|  |TAMS 0x0000000086900000| PB 0x0000000086900000| Untracked 
|  66|0x0000000086a00000, 0x0000000086a00000, 0x0000000086b00000|  0%| F|  |TAMS 0x0000000086a00000| PB 0x0000000086a00000| Untracked 
|  67|0x0000000086b00000, 0x0000000086b00000, 0x0000000086c00000|  0%| F|  |TAMS 0x0000000086b00000| PB 0x0000000086b00000| Untracked 
|  68|0x0000000086c00000, 0x0000000086c00000, 0x0000000086d00000|  0%| F|  |TAMS 0x0000000086c00000| PB 0x0000000086c00000| Untracked 
|  69|0x0000000086d00000, 0x0000000086d00000, 0x0000000086e00000|  0%| F|  |TAMS 0x0000000086d00000| PB 0x0000000086d00000| Untracked 
|  70|0x0000000086e00000, 0x0000000086e00000, 0x0000000086f00000|  0%| F|  |TAMS 0x0000000086e00000| PB 0x0000000086e00000| Untracked 
|  71|0x0000000086f00000, 0x0000000086f00000, 0x0000000087000000|  0%| F|  |TAMS 0x0000000086f00000| PB 0x0000000086f00000| Untracked 
|  72|0x0000000087000000, 0x0000000087000000, 0x0000000087100000|  0%| F|  |TAMS 0x0000000087000000| PB 0x0000000087000000| Untracked 
|  73|0x0000000087100000, 0x0000000087100000, 0x0000000087200000|  0%| F|  |TAMS 0x0000000087100000| PB 0x0000000087100000| Untracked 
|  74|0x0000000087200000, 0x0000000087200000, 0x0000000087300000|  0%| F|  |TAMS 0x0000000087200000| PB 0x0000000087200000| Untracked 
|  75|0x0000000087300000, 0x0000000087300000, 0x0000000087400000|  0%| F|  |TAMS 0x0000000087300000| PB 0x0000000087300000| Untracked 
|  76|0x0000000087400000, 0x0000000087400000, 0x0000000087500000|  0%| F|  |TAMS 0x0000000087400000| PB 0x0000000087400000| Untracked 
|  77|0x0000000087500000, 0x0000000087500000, 0x0000000087600000|  0%| F|  |TAMS 0x0000000087500000| PB 0x0000000087500000| Untracked 
|  78|0x0000000087600000, 0x0000000087600000, 0x0000000087700000|  0%| F|  |TAMS 0x0000000087600000| PB 0x0000000087600000| Untracked 
|  79|0x0000000087700000, 0x0000000087700000, 0x0000000087800000|  0%| F|  |TAMS 0x0000000087700000| PB 0x0000000087700000| Untracked 
|  80|0x0000000087800000, 0x0000000087800000, 0x0000000087900000|  0%| F|  |TAMS 0x0000000087800000| PB 0x0000000087800000| Untracked 
|  81|0x0000000087900000, 0x0000000087900000, 0x0000000087a00000|  0%| F|  |TAMS 0x0000000087900000| PB 0x0000000087900000| Untracked 
|  82|0x0000000087a00000, 0x0000000087a00000, 0x0000000087b00000|  0%| F|  |TAMS 0x0000000087a00000| PB 0x0000000087a00000| Untracked 
|  83|0x0000000087b00000, 0x0000000087b00000, 0x0000000087c00000|  0%| F|  |TAMS 0x0000000087b00000| PB 0x0000000087b00000| Untracked 
|  84|0x0000000087c00000, 0x0000000087c00000, 0x0000000087d00000|  0%| F|  |TAMS 0x0000000087c00000| PB 0x0000000087c00000| Untracked 
|  85|0x0000000087d00000, 0x0000000087d00000, 0x0000000087e00000|  0%| F|  |TAMS 0x0000000087d00000| PB 0x0000000087d00000| Untracked 
|  86|0x0000000087e00000, 0x0000000087e00000, 0x0000000087f00000|  0%| F|  |TAMS 0x0000000087e00000| PB 0x0000000087e00000| Untracked 
|  87|0x0000000087f00000, 0x0000000087f00000, 0x0000000088000000|  0%| F|  |TAMS 0x0000000087f00000| PB 0x0000000087f00000| Untracked 
|  88|0x0000000088000000, 0x0000000088000000, 0x0000000088100000|  0%| F|  |TAMS 0x0000000088000000| PB 0x0000000088000000| Untracked 
|  89|0x0000000088100000, 0x0000000088100000, 0x0000000088200000|  0%| F|  |TAMS 0x0000000088100000| PB 0x0000000088100000| Untracked 
|  90|0x0000000088200000, 0x0000000088200000, 0x0000000088300000|  0%| F|  |TAMS 0x0000000088200000| PB 0x0000000088200000| Untracked 
|  91|0x0000000088300000, 0x0000000088300000, 0x0000000088400000|  0%| F|  |TAMS 0x0000000088300000| PB 0x0000000088300000| Untracked 
|  92|0x0000000088400000, 0x0000000088400000, 0x0000000088500000|  0%| F|  |TAMS 0x0000000088400000| PB 0x0000000088400000| Untracked 
|  93|0x0000000088500000, 0x0000000088500000, 0x0000000088600000|  0%| F|  |TAMS 0x0000000088500000| PB 0x0000000088500000| Untracked 
|  94|0x0000000088600000, 0x0000000088600000, 0x0000000088700000|  0%| F|  |TAMS 0x0000000088600000| PB 0x0000000088600000| Untracked 
|  95|0x0000000088700000, 0x0000000088700000, 0x0000000088800000|  0%| F|  |TAMS 0x0000000088700000| PB 0x0000000088700000| Untracked 
|  96|0x0000000088800000, 0x0000000088800000, 0x0000000088900000|  0%| F|  |TAMS 0x0000000088800000| PB 0x0000000088800000| Untracked 
|  97|0x0000000088900000, 0x0000000088900000, 0x0000000088a00000|  0%| F|  |TAMS 0x0000000088900000| PB 0x0000000088900000| Untracked 
|  98|0x0000000088a00000, 0x0000000088a00000, 0x0000000088b00000|  0%| F|  |TAMS 0x0000000088a00000| PB 0x0000000088a00000| Untracked 
|  99|0x0000000088b00000, 0x0000000088b00000, 0x0000000088c00000|  0%| F|  |TAMS 0x0000000088b00000| PB 0x0000000088b00000| Untracked 
| 100|0x0000000088c00000, 0x0000000088c00000, 0x0000000088d00000|  0%| F|  |TAMS 0x0000000088c00000| PB 0x0000000088c00000| Untracked 
| 101|0x0000000088d00000, 0x0000000088d00000, 0x0000000088e00000|  0%| F|  |TAMS 0x0000000088d00000| PB 0x0000000088d00000| Untracked 
| 102|0x0000000088e00000, 0x0000000088e00000, 0x0000000088f00000|  0%| F|  |TAMS 0x0000000088e00000| PB 0x0000000088e00000| Untracked 
| 103|0x0000000088f00000, 0x0000000088f00000, 0x0000000089000000|  0%| F|  |TAMS 0x0000000088f00000| PB 0x0000000088f00000| Untracked 
| 104|0x0000000089000000, 0x0000000089000000, 0x0000000089100000|  0%| F|  |TAMS 0x0000000089000000| PB 0x0000000089000000| Untracked 
| 105|0x0000000089100000, 0x0000000089100000, 0x0000000089200000|  0%| F|  |TAMS 0x0000000089100000| PB 0x0000000089100000| Untracked 
| 106|0x0000000089200000, 0x0000000089200000, 0x0000000089300000|  0%| F|  |TAMS 0x0000000089200000| PB 0x0000000089200000| Untracked 
| 107|0x0000000089300000, 0x0000000089300000, 0x0000000089400000|  0%| F|  |TAMS 0x0000000089300000| PB 0x0000000089300000| Untracked 
| 108|0x0000000089400000, 0x0000000089400000, 0x0000000089500000|  0%| F|  |TAMS 0x0000000089400000| PB 0x0000000089400000| Untracked 
| 109|0x0000000089500000, 0x0000000089576440, 0x0000000089600000| 46%| E|  |TAMS 0x0000000089500000| PB 0x0000000089500000| Complete 
| 110|0x0000000089600000, 0x0000000089700000, 0x0000000089700000|100%| E|CS|TAMS 0x0000000089600000| PB 0x0000000089600000| Complete 
| 111|0x0000000089700000, 0x0000000089800000, 0x0000000089800000|100%| E|CS|TAMS 0x0000000089700000| PB 0x0000000089700000| Complete 
| 112|0x0000000089800000, 0x0000000089900000, 0x0000000089900000|100%| E|CS|TAMS 0x0000000089800000| PB 0x0000000089800000| Complete 
| 113|0x0000000089900000, 0x0000000089a00000, 0x0000000089a00000|100%| E|CS|TAMS 0x0000000089900000| PB 0x0000000089900000| Complete 
| 114|0x0000000089a00000, 0x0000000089b00000, 0x0000000089b00000|100%| E|CS|TAMS 0x0000000089a00000| PB 0x0000000089a00000| Complete 
| 115|0x0000000089b00000, 0x0000000089c00000, 0x0000000089c00000|100%| E|CS|TAMS 0x0000000089b00000| PB 0x0000000089b00000| Complete 
| 116|0x0000000089c00000, 0x0000000089d00000, 0x0000000089d00000|100%| E|CS|TAMS 0x0000000089c00000| PB 0x0000000089c00000| Complete 
| 117|0x0000000089d00000, 0x0000000089e00000, 0x0000000089e00000|100%| E|CS|TAMS 0x0000000089d00000| PB 0x0000000089d00000| Complete 
| 118|0x0000000089e00000, 0x0000000089f00000, 0x0000000089f00000|100%| E|CS|TAMS 0x0000000089e00000| PB 0x0000000089e00000| Complete 
| 119|0x0000000089f00000, 0x000000008a000000, 0x000000008a000000|100%| E|CS|TAMS 0x0000000089f00000| PB 0x0000000089f00000| Complete 
| 120|0x000000008a000000, 0x000000008a100000, 0x000000008a100000|100%| E|CS|TAMS 0x000000008a000000| PB 0x000000008a000000| Complete 
| 121|0x000000008a100000, 0x000000008a200000, 0x000000008a200000|100%| E|CS|TAMS 0x000000008a100000| PB 0x000000008a100000| Complete 
| 122|0x000000008a200000, 0x000000008a300000, 0x000000008a300000|100%| E|CS|TAMS 0x000000008a200000| PB 0x000000008a200000| Complete 
| 123|0x000000008a300000, 0x000000008a400000, 0x000000008a400000|100%| E|CS|TAMS 0x000000008a300000| PB 0x000000008a300000| Complete 
| 124|0x000000008a400000, 0x000000008a500000, 0x000000008a500000|100%| E|CS|TAMS 0x000000008a400000| PB 0x000000008a400000| Complete 
| 125|0x000000008a500000, 0x000000008a600000, 0x000000008a600000|100%| E|CS|TAMS 0x000000008a500000| PB 0x000000008a500000| Complete 

Card table byte_map: [0x0000014f78440000,0x0000014f78830000] _byte_map_base: 0x0000014f7802c000

Marking Bits: (CMBitMap*) 0x0000014f5f541920
 Bits: [0x0000014f78830000, 0x0000014f7a790000)

Polling page: 0x0000014f5ecb0000

Metaspace:

Usage:
  Non-class:      4.06 MB used.
      Class:    419.26 KB used.
       Both:      4.47 MB used.

Virtual space:
  Non-class space:       64.00 MB reserved,       4.12 MB (  6%) committed,  1 nodes.
      Class space:        1.00 GB reserved,     448.00 KB ( <1%) committed,  1 nodes.
             Both:        1.06 GB reserved,       4.56 MB ( <1%) committed. 

Chunk freelists:
   Non-Class:  10.58 MB
       Class:  15.56 MB
        Both:  26.14 MB

MaxMetaspaceSize: unlimited
CompressedClassSpaceSize: 1.00 GB
Initial GC threshold: 21.00 MB
Current GC threshold: 21.00 MB
CDS: on
 - commit_granule_bytes: 65536.
 - commit_granule_words: 8192.
 - virtual_space_node_default_size: 8388608.
 - enlarge_chunks_in_place: 1.
 - use_allocation_guard: 0.


Internal statistics:

num_allocs_failed_limit: 0.
num_arena_births: 54.
num_arena_deaths: 0.
num_vsnodes_births: 2.
num_vsnodes_deaths: 0.
num_space_committed: 73.
num_space_uncommitted: 0.
num_chunks_returned_to_freelist: 0.
num_chunks_taken_from_freelist: 144.
num_chunk_merges: 0.
num_chunk_splits: 89.
num_chunks_enlarged: 65.
num_inconsistent_stats: 0.

CodeHeap 'non-profiled nmethods': size=120000Kb used=340Kb max_used=340Kb free=119659Kb
 bounds [0x0000014f707f0000, 0x0000014f70a60000, 0x0000014f77d20000]
CodeHeap 'profiled nmethods': size=120000Kb used=2458Kb max_used=2458Kb free=117541Kb
 bounds [0x0000014f68d20000, 0x0000014f68f90000, 0x0000014f70250000]
CodeHeap 'non-nmethods': size=5760Kb used=1358Kb max_used=1369Kb free=4402Kb
 bounds [0x0000014f70250000, 0x0000014f704c0000, 0x0000014f707f0000]
 total_blobs=1741 nmethods=1278 adapters=368
 compilation: enabled
              stopped_count=0, restarted_count=0
 full_count=0

Compilation events (20 events):
Event: 0.577 Thread 0x0000014f7d1eaa90 nmethod 1277 0x0000014f68f7e510 code [0x0000014f68f7e780, 0x0000014f68f7f060]
Event: 0.577 Thread 0x0000014f7d1eaa90 1278       3       org.apache.tools.ant.Target::setDepends (44 bytes)
Event: 0.577 Thread 0x0000014f7d1eaa90 nmethod 1278 0x0000014f68f7f390 code [0x0000014f68f7f5c0, 0x0000014f68f7fe98]
Event: 0.577 Thread 0x0000014f7d1eaa90 1279       3       org.apache.tools.ant.Target::parseDepends (201 bytes)
Event: 0.579 Thread 0x0000014f7d1eaa90 nmethod 1279 0x0000014f68f80110 code [0x0000014f68f80620, 0x0000014f68f827c0]
Event: 0.579 Thread 0x0000014f7d1eaa90 1280       3       org.apache.tools.ant.helper.ProjectHelper2$ProjectHandler::onStartChild (44 bytes)
Event: 0.579 Thread 0x0000014f7d1eaa90 nmethod 1280 0x0000014f68f83490 code [0x0000014f68f83680, 0x0000014f68f83ae0]
Event: 0.579 Thread 0x0000014f7d1eaa90 1281       3       org.apache.tools.ant.Target::<init> (45 bytes)
Event: 0.579 Thread 0x0000014f7d1eaa90 nmethod 1281 0x0000014f68f83c90 code [0x0000014f68f83e80, 0x0000014f68f84430]
Event: 0.579 Thread 0x0000014f7d1eaa90 1282       3       org.apache.tools.ant.ProjectHelper::isInIncludeMode (13 bytes)
Event: 0.579 Thread 0x0000014f7d1eaa90 nmethod 1282 0x0000014f68f84590 code [0x0000014f68f84760, 0x0000014f68f84c88]
Event: 0.579 Thread 0x0000014f7d1eaa90 1283       3       java.lang.Boolean::equals (29 bytes)
Event: 0.580 Thread 0x0000014f7d1eaa90 nmethod 1283 0x0000014f68f84e10 code [0x0000014f68f84fc0, 0x0000014f68f85398]
Event: 0.580 Thread 0x0000014f7d1eaa90 1284       3       org.apache.tools.ant.Location::<init> (23 bytes)
Event: 0.580 Thread 0x0000014f7d1eaa90 nmethod 1284 0x0000014f68f85490 code [0x0000014f68f856a0, 0x0000014f68f85c78]
Event: 0.580 Thread 0x0000014f7d1eaa90 1285       3       org.apache.tools.ant.ProjectHelper::getCurrentPrefixSeparator (10 bytes)
Event: 0.580 Thread 0x0000014f7d1eaa90 nmethod 1285 0x0000014f68f85f90 code [0x0000014f68f86140, 0x0000014f68f86450]
Event: 0.580 Thread 0x0000014f7d1eaa90 1286       3       org.apache.tools.ant.ProjectHelper::getCurrentTargetPrefix (10 bytes)
Event: 0.580 Thread 0x0000014f7d1eaa90 nmethod 1286 0x0000014f68f86510 code [0x0000014f68f866c0, 0x0000014f68f869d0]
Event: 0.581 Thread 0x0000014f7d1eaa90 1287   !   3       org.apache.tools.ant.helper.ProjectHelper2$TargetHandler::onStartElement (1282 bytes)

GC Heap History (0 events):
No events

Dll operation events (6 events):
Event: 0.007 Loaded shared library C:\zulu21.32.17-ca-fx-jdk21.0.2-win_x64\zulu21.32.17-ca-fx-jdk21.0.2-win_x64\bin\java.dll
Event: 0.037 Loaded shared library C:\zulu21.32.17-ca-fx-jdk21.0.2-win_x64\zulu21.32.17-ca-fx-jdk21.0.2-win_x64\bin\jsvml.dll
Event: 0.058 Loaded shared library C:\zulu21.32.17-ca-fx-jdk21.0.2-win_x64\zulu21.32.17-ca-fx-jdk21.0.2-win_x64\bin\net.dll
Event: 0.062 Loaded shared library C:\zulu21.32.17-ca-fx-jdk21.0.2-win_x64\zulu21.32.17-ca-fx-jdk21.0.2-win_x64\bin\nio.dll
Event: 0.072 Loaded shared library C:\zulu21.32.17-ca-fx-jdk21.0.2-win_x64\zulu21.32.17-ca-fx-jdk21.0.2-win_x64\bin\zip.dll
Event: 0.078 Loaded shared library C:\zulu21.32.17-ca-fx-jdk21.0.2-win_x64\zulu21.32.17-ca-fx-jdk21.0.2-win_x64\bin\jimage.dll

Deoptimization events (20 events):
Event: 0.518 Thread 0x0000014f5d26e2a0 Uncommon trap: trap_request=0xffffff45 fr.pc=0x0000014f7083c8ac relative=0x000000000000008c
Event: 0.518 Thread 0x0000014f5d26e2a0 Uncommon trap: reason=unstable_if action=reinterpret pc=0x0000014f7083c8ac method=com.sun.org.apache.xerces.internal.impl.XMLEntityScanner.checkBeforeLoad(Lcom/sun/xml/internal/stream/Entity$ScannedEntity;II)I @ 18 c2
Event: 0.518 Thread 0x0000014f5d26e2a0 DEOPT PACKING pc=0x0000014f7083c8ac sp=0x00000032c56fe600
Event: 0.518 Thread 0x0000014f5d26e2a0 DEOPT UNPACKING pc=0x0000014f702a46a2 sp=0x00000032c56fe570 mode 2
Event: 0.548 Thread 0x0000014f5d26e2a0 Uncommon trap: trap_request=0xffffffc6 fr.pc=0x0000014f70831e00 relative=0x00000000000000c0
Event: 0.548 Thread 0x0000014f5d26e2a0 Uncommon trap: reason=bimorphic_or_optimized_type_check action=maybe_recompile pc=0x0000014f70831e00 method=java.util.stream.Sink$ChainedReference.cancellationRequested()Z @ 4 c2
Event: 0.548 Thread 0x0000014f5d26e2a0 DEOPT PACKING pc=0x0000014f70831e00 sp=0x00000032c56fe230
Event: 0.548 Thread 0x0000014f5d26e2a0 DEOPT UNPACKING pc=0x0000014f702a46a2 sp=0x00000032c56fe1c0 mode 2
Event: 0.548 Thread 0x0000014f5d26e2a0 Uncommon trap: trap_request=0xffffffc6 fr.pc=0x0000014f70831e00 relative=0x00000000000000c0
Event: 0.548 Thread 0x0000014f5d26e2a0 Uncommon trap: reason=bimorphic_or_optimized_type_check action=maybe_recompile pc=0x0000014f70831e00 method=java.util.stream.Sink$ChainedReference.cancellationRequested()Z @ 4 c2
Event: 0.548 Thread 0x0000014f5d26e2a0 DEOPT PACKING pc=0x0000014f70831e00 sp=0x00000032c56fe1d0
Event: 0.548 Thread 0x0000014f5d26e2a0 DEOPT UNPACKING pc=0x0000014f702a46a2 sp=0x00000032c56fe160 mode 2
Event: 0.548 Thread 0x0000014f5d26e2a0 Uncommon trap: trap_request=0xffffffde fr.pc=0x0000014f70836ad4 relative=0x00000000000000b4
Event: 0.548 Thread 0x0000014f5d26e2a0 Uncommon trap: reason=class_check action=maybe_recompile pc=0x0000014f70836ad4 method=java.util.stream.ReferencePipeline$2$1.accept(Ljava/lang/Object;)V @ 8 c2
Event: 0.548 Thread 0x0000014f5d26e2a0 DEOPT PACKING pc=0x0000014f70836ad4 sp=0x00000032c56fe3a0
Event: 0.548 Thread 0x0000014f5d26e2a0 DEOPT UNPACKING pc=0x0000014f702a46a2 sp=0x00000032c56fe348 mode 2
Event: 0.550 Thread 0x0000014f5d26e2a0 Uncommon trap: trap_request=0xffffff45 fr.pc=0x0000014f7083e150 relative=0x0000000000000690
Event: 0.550 Thread 0x0000014f5d26e2a0 Uncommon trap: reason=unstable_if action=reinterpret pc=0x0000014f7083e150 method=com.sun.org.apache.xerces.internal.impl.XMLEntityScanner.scanLiteral(ILcom/sun/org/apache/xerces/internal/xni/XMLString;Z)I @ 299 c2
Event: 0.550 Thread 0x0000014f5d26e2a0 DEOPT PACKING pc=0x0000014f7083e150 sp=0x00000032c56fdd40
Event: 0.550 Thread 0x0000014f5d26e2a0 DEOPT UNPACKING pc=0x0000014f702a46a2 sp=0x00000032c56fdcf0 mode 2

Classes loaded (20 events):
Event: 0.451 Loading class java/util/LinkedHashMap$LinkedValueIterator
Event: 0.451 Loading class java/util/LinkedHashMap$LinkedValueIterator done
Event: 0.451 Loading class java/util/OptionalLong
Event: 0.451 Loading class java/util/OptionalLong done
Event: 0.451 Loading class java/util/OptionalDouble
Event: 0.452 Loading class java/util/OptionalDouble done
Event: 0.490 Loading class java/util/ConcurrentModificationException
Event: 0.490 Loading class java/util/ConcurrentModificationException done
Event: 0.492 Loading class java/util/stream/DistinctOps
Event: 0.492 Loading class java/util/stream/DistinctOps done
Event: 0.492 Loading class java/util/stream/DistinctOps$1
Event: 0.492 Loading class java/util/stream/ReferencePipeline$StatefulOp
Event: 0.492 Loading class java/util/stream/ReferencePipeline$StatefulOp done
Event: 0.492 Loading class java/util/stream/DistinctOps$1 done
Event: 0.494 Loading class java/util/stream/DistinctOps$1$2
Event: 0.494 Loading class java/util/stream/DistinctOps$1$2 done
Event: 0.494 Loading class java/util/LinkedHashMap$LinkedKeySet
Event: 0.494 Loading class java/util/LinkedHashMap$LinkedKeySet done
Event: 0.494 Loading class java/util/LinkedHashMap$LinkedKeyIterator
Event: 0.494 Loading class java/util/LinkedHashMap$LinkedKeyIterator done

Classes unloaded (0 events):
No events

Classes redefined (0 events):
No events

Internal exceptions (11 events):
Event: 0.088 Thread 0x0000014f5d26e2a0 Exception <a 'java/lang/NoSuchMethodError'{0x000000008a4ecc08}: 'int java.lang.invoke.DirectMethodHandle$Holder.invokeSpecial(java.lang.Object, java.lang.Object, java.lang.Object)'> (0x000000008a4ecc08) 
thrown [s\src\hotspot\share\interpreter\linkResolver.cpp, line 773]
Event: 0.203 Thread 0x0000014f5d26e2a0 Exception <a 'java/lang/NoSuchMethodError'{0x000000008a2951a0}: 'java.lang.Object java.lang.invoke.DirectMethodHandle$Holder.invokeStaticInit(java.lang.Object, java.lang.Object, java.lang.Object, java.lang.Object)'> (0x000000008a2951a0) 
thrown [s\src\hotspot\share\interpreter\linkResolver.cpp, line 773]
Event: 0.221 Thread 0x0000014f5d26e2a0 Exception <a 'java/lang/NoSuchMethodError'{0x000000008a12d4b0}: 'void java.lang.invoke.DirectMethodHandle$Holder.invokeStatic(java.lang.Object, java.lang.Object, java.lang.Object, java.lang.Object)'> (0x000000008a12d4b0) 
thrown [s\src\hotspot\share\interpreter\linkResolver.cpp, line 773]
Event: 0.227 Thread 0x0000014f5d26e2a0 Exception <a 'java/lang/NoSuchMethodError'{0x000000008a160428}: 'java.lang.Object java.lang.invoke.DirectMethodHandle$Holder.invokeInterface(java.lang.Object, java.lang.Object, java.lang.Object)'> (0x000000008a160428) 
thrown [s\src\hotspot\share\interpreter\linkResolver.cpp, line 773]
Event: 0.227 Thread 0x0000014f5d26e2a0 Exception <a 'java/lang/IncompatibleClassChangeError'{0x000000008a163a90}: Found class java.lang.Object, but interface was expected> (0x000000008a163a90) 
thrown [s\src\hotspot\share\interpreter\linkResolver.cpp, line 840]
Event: 0.304 Thread 0x0000014f5d26e2a0 Exception <a 'java/lang/NoSuchMethodError'{0x000000008a083cd0}: 'java.lang.Object java.lang.invoke.DirectMethodHandle$Holder.invokeSpecialIFC(java.lang.Object, java.lang.Object, java.lang.Object, java.lang.Object)'> (0x000000008a083cd0) 
thrown [s\src\hotspot\share\interpreter\linkResolver.cpp, line 773]
Event: 0.485 Thread 0x0000014f5d26e2a0 Exception <a 'java/lang/NoSuchMethodError'{0x0000000089bdb618}: 'void java.lang.invoke.DirectMethodHandle$Holder.invokeVirtual(java.lang.Object, java.lang.Object)'> (0x0000000089bdb618) 
thrown [s\src\hotspot\share\interpreter\linkResolver.cpp, line 773]
Event: 0.486 Thread 0x0000014f5d26e2a0 Exception <a 'java/lang/NoSuchMethodError'{0x0000000089bdecb8}: 'void java.lang.invoke.DirectMethodHandle$Holder.invokeSpecial(java.lang.Object, java.lang.Object, java.lang.Object)'> (0x0000000089bdecb8) 
thrown [s\src\hotspot\share\interpreter\linkResolver.cpp, line 773]
Event: 0.491 Thread 0x0000014f5d26e2a0 Exception <a 'java/lang/NoSuchMethodError'{0x0000000089a04c68}: 'java.lang.Object java.lang.invoke.DirectMethodHandle$Holder.invokeInterface(java.lang.Object, java.lang.Object)'> (0x0000000089a04c68) 
thrown [s\src\hotspot\share\interpreter\linkResolver.cpp, line 773]
Event: 0.491 Thread 0x0000014f5d26e2a0 Exception <a 'java/lang/IncompatibleClassChangeError'{0x0000000089a08180}: Found class java.lang.Object, but interface was expected> (0x0000000089a08180) 
thrown [s\src\hotspot\share\interpreter\linkResolver.cpp, line 840]
Event: 0.497 Thread 0x0000014f5d26e2a0 Exception <a 'java/lang/NoSuchMethodError'{0x0000000089a205f8}: 'java.lang.Object java.lang.invoke.DirectMethodHandle$Holder.newInvokeSpecial(java.lang.Object, java.lang.Object, java.lang.Object, java.lang.Object, java.lang.Object)'> (0x0000000089a205f8) 
thrown [s\src\hotspot\share\interpreter\linkResolver.cpp, line 773]

ZGC Phase Switch (0 events):
No events

VM Operations (16 events):
Event: 0.074 Executing VM operation: HandshakeAllThreads (Deoptimize)
Event: 0.074 Executing VM operation: HandshakeAllThreads (Deoptimize) done
Event: 0.208 Executing VM operation: HandshakeAllThreads (Deoptimize)
Event: 0.208 Executing VM operation: HandshakeAllThreads (Deoptimize) done
Event: 0.286 Executing VM operation: HandshakeAllThreads (Deoptimize)
Event: 0.286 Executing VM operation: HandshakeAllThreads (Deoptimize) done
Event: 0.287 Executing VM operation: HandshakeAllThreads (Deoptimize)
Event: 0.287 Executing VM operation: HandshakeAllThreads (Deoptimize) done
Event: 0.347 Executing VM operation: HandshakeAllThreads (Deoptimize)
Event: 0.347 Executing VM operation: HandshakeAllThreads (Deoptimize) done
Event: 0.493 Executing VM operation: HandshakeAllThreads (Deoptimize)
Event: 0.493 Executing VM operation: HandshakeAllThreads (Deoptimize) done
Event: 0.493 Executing VM operation: HandshakeAllThreads (Deoptimize)
Event: 0.493 Executing VM operation: HandshakeAllThreads (Deoptimize) done
Event: 0.494 Executing VM operation: ICBufferFull
Event: 0.494 Executing VM operation: ICBufferFull done

Events (11 events):
Event: 0.021 Thread 0x0000014f5d26e2a0 Thread added: 0x0000014f5d26e2a0
Event: 0.035 Thread 0x0000014f7d1ce550 Thread added: 0x0000014f7d1ce550
Event: 0.035 Thread 0x0000014f7d1cf470 Thread added: 0x0000014f7d1cf470
Event: 0.035 Thread 0x0000014f7d1d2f80 Thread added: 0x0000014f7d1d2f80
Event: 0.035 Thread 0x0000014f7d1d5d70 Thread added: 0x0000014f7d1d5d70
Event: 0.035 Thread 0x0000014f7d1d6d10 Thread added: 0x0000014f7d1d6d10
Event: 0.035 Thread 0x0000014f7d1e37e0 Thread added: 0x0000014f7d1e37e0
Event: 0.035 Thread 0x0000014f7d1e9ff0 Thread added: 0x0000014f7d1e9ff0
Event: 0.035 Thread 0x0000014f7d1eaa90 Thread added: 0x0000014f7d1eaa90
Event: 0.050 Thread 0x0000014f7d1e1710 Thread added: 0x0000014f7d1e1710
Event: 0.052 Thread 0x0000014f7d1e1da0 Thread added: 0x0000014f7d1e1da0


Dynamic libraries:
0x00007ff7a9d80000 - 0x00007ff7a9d8e000 	C:\zulu21.32.17-ca-fx-jdk21.0.2-win_x64\zulu21.32.17-ca-fx-jdk21.0.2-win_x64\bin\java.exe
0x00007ffe43350000 - 0x00007ffe43567000 	C:\WINDOWS\SYSTEM32\ntdll.dll
0x00007ffe41c80000 - 0x00007ffe41d44000 	C:\WINDOWS\System32\KERNEL32.DLL
0x00007ffe40a40000 - 0x00007ffe40ded000 	C:\WINDOWS\System32\KERNELBASE.dll
0x00007ffe406c0000 - 0x00007ffe407d1000 	C:\WINDOWS\System32\ucrtbase.dll
0x00007ffe14320000 - 0x00007ffe14338000 	C:\zulu21.32.17-ca-fx-jdk21.0.2-win_x64\zulu21.32.17-ca-fx-jdk21.0.2-win_x64\bin\jli.dll
0x00007ffe14970000 - 0x00007ffe1498b000 	C:\zulu21.32.17-ca-fx-jdk21.0.2-win_x64\zulu21.32.17-ca-fx-jdk21.0.2-win_x64\bin\VCRUNTIME140.dll
0x00007ffe41970000 - 0x00007ffe41b1e000 	C:\WINDOWS\System32\USER32.dll
0x00007ffe28940000 - 0x00007ffe28bd3000 	C:\WINDOWS\WinSxS\amd64_microsoft.windows.common-controls_6595b64144ccf1df_6.0.22621.3672_none_2713b9d173822955\COMCTL32.dll
0x00007ffe40e90000 - 0x00007ffe40eb6000 	C:\WINDOWS\System32\win32u.dll
0x00007ffe424c0000 - 0x00007ffe42567000 	C:\WINDOWS\System32\msvcrt.dll
0x00007ffe422d0000 - 0x00007ffe422f9000 	C:\WINDOWS\System32\GDI32.dll
0x00007ffe40f40000 - 0x00007ffe41059000 	C:\WINDOWS\System32\gdi32full.dll
0x00007ffe40df0000 - 0x00007ffe40e8a000 	C:\WINDOWS\System32\msvcp_win.dll
0x00007ffe425f0000 - 0x00007ffe42621000 	C:\WINDOWS\System32\IMM32.DLL
0x00007ffe3bff0000 - 0x00007ffe3bffc000 	C:\zulu21.32.17-ca-fx-jdk21.0.2-win_x64\zulu21.32.17-ca-fx-jdk21.0.2-win_x64\bin\vcruntime140_1.dll
0x00007ffe14290000 - 0x00007ffe1431e000 	C:\zulu21.32.17-ca-fx-jdk21.0.2-win_x64\zulu21.32.17-ca-fx-jdk21.0.2-win_x64\bin\msvcp140.dll
0x00007ffdc6150000 - 0x00007ffdc6ee5000 	C:\zulu21.32.17-ca-fx-jdk21.0.2-win_x64\zulu21.32.17-ca-fx-jdk21.0.2-win_x64\bin\server\jvm.dll
0x00007ffe41750000 - 0x00007ffe41802000 	C:\WINDOWS\System32\ADVAPI32.dll
0x00007ffe414f0000 - 0x00007ffe41599000 	C:\WINDOWS\System32\sechost.dll
0x00007ffe407e0000 - 0x00007ffe40808000 	C:\WINDOWS\System32\bcrypt.dll
0x00007ffe423a0000 - 0x00007ffe424b4000 	C:\WINDOWS\System32\RPCRT4.dll
0x00007ffe42320000 - 0x00007ffe42391000 	C:\WINDOWS\System32\WS2_32.dll
0x00007ffe3f4e0000 - 0x00007ffe3f52d000 	C:\WINDOWS\SYSTEM32\POWRPROF.dll
0x00007ffe3adb0000 - 0x00007ffe3ade4000 	C:\WINDOWS\SYSTEM32\WINMM.dll
0x00007ffe38fa0000 - 0x00007ffe38faa000 	C:\WINDOWS\SYSTEM32\VERSION.dll
0x00007ffe3f4c0000 - 0x00007ffe3f4d3000 	C:\WINDOWS\SYSTEM32\UMPDC.dll
0x00007ffe3f770000 - 0x00007ffe3f788000 	C:\WINDOWS\SYSTEM32\kernel.appcore.dll
0x00007ffe3af70000 - 0x00007ffe3af7a000 	C:\zulu21.32.17-ca-fx-jdk21.0.2-win_x64\zulu21.32.17-ca-fx-jdk21.0.2-win_x64\bin\jimage.dll
0x00007ffe3df90000 - 0x00007ffe3e1c2000 	C:\WINDOWS\SYSTEM32\DBGHELP.DLL
0x00007ffe42650000 - 0x00007ffe429d8000 	C:\WINDOWS\System32\combase.dll
0x00007ffe41660000 - 0x00007ffe41737000 	C:\WINDOWS\System32\OLEAUT32.dll
0x00007ffe24bc0000 - 0x00007ffe24bf2000 	C:\WINDOWS\SYSTEM32\dbgcore.DLL
0x00007ffe40ec0000 - 0x00007ffe40f3b000 	C:\WINDOWS\System32\bcryptPrimitives.dll
0x00007ffe14270000 - 0x00007ffe1428f000 	C:\zulu21.32.17-ca-fx-jdk21.0.2-win_x64\zulu21.32.17-ca-fx-jdk21.0.2-win_x64\bin\java.dll
0x00007ffe429f0000 - 0x00007ffe4324f000 	C:\WINDOWS\System32\SHELL32.dll
0x00007ffe3e5b0000 - 0x00007ffe3eeac000 	C:\WINDOWS\SYSTEM32\windows.storage.dll
0x00007ffe3e470000 - 0x00007ffe3e5af000 	C:\WINDOWS\SYSTEM32\wintypes.dll
0x00007ffe41d50000 - 0x00007ffe41e44000 	C:\WINDOWS\System32\SHCORE.dll
0x00007ffe41c20000 - 0x00007ffe41c7e000 	C:\WINDOWS\System32\shlwapi.dll
0x00007ffe40580000 - 0x00007ffe405a1000 	C:\WINDOWS\SYSTEM32\profapi.dll
0x00007ffe095e0000 - 0x00007ffe096b7000 	C:\zulu21.32.17-ca-fx-jdk21.0.2-win_x64\zulu21.32.17-ca-fx-jdk21.0.2-win_x64\bin\jsvml.dll
0x00007ffe227b0000 - 0x00007ffe227c0000 	C:\zulu21.32.17-ca-fx-jdk21.0.2-win_x64\zulu21.32.17-ca-fx-jdk21.0.2-win_x64\bin\net.dll
0x00007ffe3bde0000 - 0x00007ffe3bf16000 	C:\WINDOWS\SYSTEM32\WINHTTP.dll
0x00007ffe3fbe0000 - 0x00007ffe3fc49000 	C:\WINDOWS\system32\mswsock.dll
0x00007ffe14250000 - 0x00007ffe14266000 	C:\zulu21.32.17-ca-fx-jdk21.0.2-win_x64\zulu21.32.17-ca-fx-jdk21.0.2-win_x64\bin\nio.dll
0x00007ffe14230000 - 0x00007ffe14248000 	C:\zulu21.32.17-ca-fx-jdk21.0.2-win_x64\zulu21.32.17-ca-fx-jdk21.0.2-win_x64\bin\zip.dll

dbghelp: loaded successfully - version: 4.0.5 - missing functions: none
symbol engine: initialized successfully - sym options: 0x614 - pdb path: .;C:\zulu21.32.17-ca-fx-jdk21.0.2-win_x64\zulu21.32.17-ca-fx-jdk21.0.2-win_x64\bin;C:\WINDOWS\SYSTEM32;C:\WINDOWS\WinSxS\amd64_microsoft.windows.common-controls_6595b64144ccf1df_6.0.22621.3672_none_2713b9d173822955;C:\zulu21.32.17-ca-fx-jdk21.0.2-win_x64\zulu21.32.17-ca-fx-jdk21.0.2-win_x64\bin\server

VM Arguments:
jvm_args: -Dant.home=C:\Program Files\NetBeans-20\netbeans\extide\ant\bin\.. 
java_command: org.apache.tools.ant.launch.Launcher -f E:\java\javaFX_project\CMS\build.xml -Dant.rerun 1 jfx-project-rebuild
java_class_path (initial): C:\Program Files\NetBeans-20\netbeans\extide\ant\bin\..\lib\ant-launcher.jar
Launcher Type: SUN_STANDARD

[Global flags]
     intx CICompilerCount                          = 4                                         {product} {ergonomic}
     uint ConcGCThreads                            = 2                                         {product} {ergonomic}
     uint G1ConcRefinementThreads                  = 8                                         {product} {ergonomic}
   size_t G1HeapRegionSize                         = 1048576                                   {product} {ergonomic}
    uintx GCDrainStackTargetSize                   = 64                                        {product} {ergonomic}
   size_t InitialHeapSize                          = 132120576                                 {product} {ergonomic}
   size_t MarkStackSize                            = 4194304                                   {product} {ergonomic}
   size_t MaxHeapSize                              = 2105540608                                {product} {ergonomic}
   size_t MaxNewSize                               = 1262485504                                {product} {ergonomic}
   size_t MinHeapDeltaBytes                        = 1048576                                   {product} {ergonomic}
   size_t MinHeapSize                              = 8388608                                   {product} {ergonomic}
    uintx NonNMethodCodeHeapSize                   = 5839372                                {pd product} {ergonomic}
    uintx NonProfiledCodeHeapSize                  = 122909434                              {pd product} {ergonomic}
    uintx ProfiledCodeHeapSize                     = 122909434                              {pd product} {ergonomic}
    uintx ReservedCodeCacheSize                    = 251658240                              {pd product} {ergonomic}
     bool SegmentedCodeCache                       = true                                      {product} {ergonomic}
   size_t SoftMaxHeapSize                          = 2105540608                             {manageable} {ergonomic}
     bool UseCompressedOops                        = true                           {product lp64_product} {ergonomic}
     bool UseG1GC                                  = true                                      {product} {ergonomic}
     bool UseLargePagesIndividualAllocation        = false                                  {pd product} {ergonomic}

Logging:
Log output configuration:
 #0: stdout all=warning uptime,level,tags foldmultilines=false
 #1: stderr all=off uptime,level,tags foldmultilines=false

Environment Variables:
JAVA_HOME=C:\Program Files\Java\jdk-21
PATH=C:\Program Files\Common Files\Oracle\Java\javapath;C:\Program Files (x86)\Common Files\Oracle\Java\java8path;C:\Program Files (x86)\Common Files\Oracle\Java\javapath;C:\Program Files\NVIDIA GPU Computing Toolkit\CUDA\v11.7\bin;C:\Program Files\NVIDIA GPU Computing Toolkit\CUDA\v11.7\libnvvp;C:\Windows\system32;C:\Windows;C:\Windows\System32\Wbem;C:\Windows\System32\WindowsPowerShell\v1.0\;C:\Windows\System32\OpenSSH\;C:\Program Files (x86)\NVIDIA Corporation\PhysX\Common;C:\Program Files\NVIDIA Corporation\NVIDIA NvDLISR;C:\Program Files\CodeBlocks\MinGW\bin;C:\Program Files\NVIDIA Corporation\Nsight Compute 2022.2.1\;C:\WINDOWS\system32;C:\WINDOWS;C:\WINDOWS\System32\Wbem;C:\WINDOWS\System32\WindowsPowerShell\v1.0\;C:\WINDOWS\System32\OpenSSH\;C:\Program Files\dotnet\;C:\Program Files\nodejs\;C:\nodejs\;C:\Program Files\Java\jdk-21\bin;C:\Program Files\Git\cmd;C:\Users\Sourav\AppData\Local\Microsoft\WindowsApps;C:\Program Files\CodeBlocks\MinGW\bin;C:\MinGW\bin;C:\Users\Sourav\AppData\Roaming\npm;C:\Users\Sourav\AppData\Local\Programs\Microsoft VS Code\bin;C:\Program Files\JetBrains\IntelliJ IDEA Community Edition 2024.1.4\bin;;C:\Program Files\JetBrains\IntelliJ IDEA 2021.3\bin;
USERNAME=Sourav
OS=Windows_NT
PROCESSOR_IDENTIFIER=Intel64 Family 6 Model 165 Stepping 2, GenuineIntel
TMP=C:\Users\Sourav\AppData\Local\Temp
TEMP=C:\Users\Sourav\AppData\Local\Temp




Periodic native trim disabled

---------------  S Y S T E M  ---------------

OS:
 Windows 11 , 64 bit Build 22621 (10.0.22621.3672)
OS uptime: 2 days 19:44 hours

CPU: total 8 (initial active 8) (4 cores per cpu, 2 threads per core) family 6 model 165 stepping 2 microcode 0xe0, cx8, cmov, fxsr, ht, mmx, 3dnowpref, sse, sse2, sse3, ssse3, sse4.1, sse4.2, popcnt, lzcnt, tsc, tscinvbit, avx, avx2, aes, erms, clmul, bmi1, bmi2, adx, fma, vzeroupper, clflush, clflushopt, rdtscp, f16c, pku
Processor Information for all 8 processors :
  Max Mhz: 2496, Current Mhz: 2496, Mhz Limit: 2496

Memory: 4k page, system-wide physical 8029M (270M free)
TotalPageFile size 20317M (AvailPageFile size 0M)
current process WorkingSet (physical memory assigned to process): 67M, peak: 67M
current process commit charge ("private bytes"): 219M, peak: 219M

vm_info: OpenJDK 64-Bit Server VM (21.0.2+13-LTS) for windows-amd64 JRE (21.0.2+13-LTS) (Zulu21.32+17-CA), built on 2024-01-09T19:17:21Z by "zulu_re" with MS VC++ 17.1 (VS2022)

END.
